ARM GAS  /var/folders/5r/xb8hq6p128d37tsfvtb6dnd00000gn/T//ccvI5ZxN.s 			page 1


   1              		.cpu cortex-m0
   2              		.arch armv6s-m
   3              		.fpu softvfp
   4              		.eabi_attribute 20, 1
   5              		.eabi_attribute 21, 1
   6              		.eabi_attribute 23, 3
   7              		.eabi_attribute 24, 1
   8              		.eabi_attribute 25, 1
   9              		.eabi_attribute 26, 1
  10              		.eabi_attribute 30, 1
  11              		.eabi_attribute 34, 0
  12              		.eabi_attribute 18, 4
  13              		.file	"freertos.c"
  14              		.text
  15              	.Ltext0:
  16              		.cfi_sections	.debug_frame
  17              		.file 1 "Core/Src/freertos.c"
  18              	.Letext0:
ARM GAS  /var/folders/5r/xb8hq6p128d37tsfvtb6dnd00000gn/T//ccvI5ZxN.s 			page 2


DEFINED SYMBOLS
                            *ABS*:00000000 freertos.c

NO UNDEFINED SYMBOLS
