ARM GAS  /var/folders/5r/xb8hq6p128d37tsfvtb6dnd00000gn/T//ccG0wWSH.s 			page 1


   1              		.cpu cortex-m0
   2              		.arch armv6s-m
   3              		.fpu softvfp
   4              		.eabi_attribute 20, 1
   5              		.eabi_attribute 21, 1
   6              		.eabi_attribute 23, 3
   7              		.eabi_attribute 24, 1
   8              		.eabi_attribute 25, 1
   9              		.eabi_attribute 26, 1
  10              		.eabi_attribute 30, 1
  11              		.eabi_attribute 34, 0
  12              		.eabi_attribute 18, 4
  13              		.file	"list.c"
  14              		.text
  15              	.Ltext0:
  16              		.cfi_sections	.debug_frame
  17              		.file 1 "Middlewares/Third_Party/FreeRTOS/Source/list.c"
  18              		.section	.text.vListInitialise,"ax",%progbits
  19              		.align	1
  20              		.global	vListInitialise
  21              		.syntax unified
  22              		.code	16
  23              		.thumb_func
  25              	vListInitialise:
  26              	.LVL0:
  27              	.LFB0:
   1:Middlewares/Third_Party/FreeRTOS/Source/list.c **** /*
   2:Middlewares/Third_Party/FreeRTOS/Source/list.c ****  * FreeRTOS Kernel V10.0.1
   3:Middlewares/Third_Party/FreeRTOS/Source/list.c ****  * Copyright (C) 2017 Amazon.com, Inc. or its affiliates.  All Rights Reserved.
   4:Middlewares/Third_Party/FreeRTOS/Source/list.c ****  *
   5:Middlewares/Third_Party/FreeRTOS/Source/list.c ****  * Permission is hereby granted, free of charge, to any person obtaining a copy of
   6:Middlewares/Third_Party/FreeRTOS/Source/list.c ****  * this software and associated documentation files (the "Software"), to deal in
   7:Middlewares/Third_Party/FreeRTOS/Source/list.c ****  * the Software without restriction, including without limitation the rights to
   8:Middlewares/Third_Party/FreeRTOS/Source/list.c ****  * use, copy, modify, merge, publish, distribute, sublicense, and/or sell copies of
   9:Middlewares/Third_Party/FreeRTOS/Source/list.c ****  * the Software, and to permit persons to whom the Software is furnished to do so,
  10:Middlewares/Third_Party/FreeRTOS/Source/list.c ****  * subject to the following conditions:
  11:Middlewares/Third_Party/FreeRTOS/Source/list.c ****  *
  12:Middlewares/Third_Party/FreeRTOS/Source/list.c ****  * The above copyright notice and this permission notice shall be included in all
  13:Middlewares/Third_Party/FreeRTOS/Source/list.c ****  * copies or substantial portions of the Software.
  14:Middlewares/Third_Party/FreeRTOS/Source/list.c ****  *
  15:Middlewares/Third_Party/FreeRTOS/Source/list.c ****  * THE SOFTWARE IS PROVIDED "AS IS", WITHOUT WARRANTY OF ANY KIND, EXPRESS OR
  16:Middlewares/Third_Party/FreeRTOS/Source/list.c ****  * IMPLIED, INCLUDING BUT NOT LIMITED TO THE WARRANTIES OF MERCHANTABILITY, FITNESS
  17:Middlewares/Third_Party/FreeRTOS/Source/list.c ****  * FOR A PARTICULAR PURPOSE AND NONINFRINGEMENT. IN NO EVENT SHALL THE AUTHORS OR
  18:Middlewares/Third_Party/FreeRTOS/Source/list.c ****  * COPYRIGHT HOLDERS BE LIABLE FOR ANY CLAIM, DAMAGES OR OTHER LIABILITY, WHETHER
  19:Middlewares/Third_Party/FreeRTOS/Source/list.c ****  * IN AN ACTION OF CONTRACT, TORT OR OTHERWISE, ARISING FROM, OUT OF OR IN
  20:Middlewares/Third_Party/FreeRTOS/Source/list.c ****  * CONNECTION WITH THE SOFTWARE OR THE USE OR OTHER DEALINGS IN THE SOFTWARE.
  21:Middlewares/Third_Party/FreeRTOS/Source/list.c ****  *
  22:Middlewares/Third_Party/FreeRTOS/Source/list.c ****  * http://www.FreeRTOS.org
  23:Middlewares/Third_Party/FreeRTOS/Source/list.c ****  * http://aws.amazon.com/freertos
  24:Middlewares/Third_Party/FreeRTOS/Source/list.c ****  *
  25:Middlewares/Third_Party/FreeRTOS/Source/list.c ****  * 1 tab == 4 spaces!
  26:Middlewares/Third_Party/FreeRTOS/Source/list.c ****  */
  27:Middlewares/Third_Party/FreeRTOS/Source/list.c **** 
  28:Middlewares/Third_Party/FreeRTOS/Source/list.c **** 
  29:Middlewares/Third_Party/FreeRTOS/Source/list.c **** #include <stdlib.h>
  30:Middlewares/Third_Party/FreeRTOS/Source/list.c **** #include "FreeRTOS.h"
  31:Middlewares/Third_Party/FreeRTOS/Source/list.c **** #include "list.h"
ARM GAS  /var/folders/5r/xb8hq6p128d37tsfvtb6dnd00000gn/T//ccG0wWSH.s 			page 2


  32:Middlewares/Third_Party/FreeRTOS/Source/list.c **** 
  33:Middlewares/Third_Party/FreeRTOS/Source/list.c **** /*-----------------------------------------------------------
  34:Middlewares/Third_Party/FreeRTOS/Source/list.c ****  * PUBLIC LIST API documented in list.h
  35:Middlewares/Third_Party/FreeRTOS/Source/list.c ****  *----------------------------------------------------------*/
  36:Middlewares/Third_Party/FreeRTOS/Source/list.c **** 
  37:Middlewares/Third_Party/FreeRTOS/Source/list.c **** void vListInitialise( List_t * const pxList )
  38:Middlewares/Third_Party/FreeRTOS/Source/list.c **** {
  28              		.loc 1 38 1 view -0
  29              		.cfi_startproc
  30              		@ args = 0, pretend = 0, frame = 0
  31              		@ frame_needed = 0, uses_anonymous_args = 0
  32              		@ link register save eliminated.
  39:Middlewares/Third_Party/FreeRTOS/Source/list.c **** 	/* The list structure contains a list item which is used to mark the
  40:Middlewares/Third_Party/FreeRTOS/Source/list.c **** 	end of the list.  To initialise the list the list end is inserted
  41:Middlewares/Third_Party/FreeRTOS/Source/list.c **** 	as the only list entry. */
  42:Middlewares/Third_Party/FreeRTOS/Source/list.c **** 	pxList->pxIndex = ( ListItem_t * ) &( pxList->xListEnd );			/*lint !e826 !e740 The mini list struc
  33              		.loc 1 42 2 view .LVU1
  34              		.loc 1 42 37 is_stmt 0 view .LVU2
  35 0000 0300     		movs	r3, r0
  36 0002 0833     		adds	r3, r3, #8
  37              		.loc 1 42 18 view .LVU3
  38 0004 4360     		str	r3, [r0, #4]
  43:Middlewares/Third_Party/FreeRTOS/Source/list.c **** 
  44:Middlewares/Third_Party/FreeRTOS/Source/list.c **** 	/* The list end value is the highest possible value in the list to
  45:Middlewares/Third_Party/FreeRTOS/Source/list.c **** 	ensure it remains at the end of the list. */
  46:Middlewares/Third_Party/FreeRTOS/Source/list.c **** 	pxList->xListEnd.xItemValue = portMAX_DELAY;
  39              		.loc 1 46 2 is_stmt 1 view .LVU4
  40              		.loc 1 46 30 is_stmt 0 view .LVU5
  41 0006 0122     		movs	r2, #1
  42 0008 5242     		rsbs	r2, r2, #0
  43 000a 8260     		str	r2, [r0, #8]
  47:Middlewares/Third_Party/FreeRTOS/Source/list.c **** 
  48:Middlewares/Third_Party/FreeRTOS/Source/list.c **** 	/* The list end next and previous pointers point to itself so we know
  49:Middlewares/Third_Party/FreeRTOS/Source/list.c **** 	when the list is empty. */
  50:Middlewares/Third_Party/FreeRTOS/Source/list.c **** 	pxList->xListEnd.pxNext = ( ListItem_t * ) &( pxList->xListEnd );	/*lint !e826 !e740 The mini list
  44              		.loc 1 50 2 is_stmt 1 view .LVU6
  45              		.loc 1 50 26 is_stmt 0 view .LVU7
  46 000c C360     		str	r3, [r0, #12]
  51:Middlewares/Third_Party/FreeRTOS/Source/list.c **** 	pxList->xListEnd.pxPrevious = ( ListItem_t * ) &( pxList->xListEnd );/*lint !e826 !e740 The mini l
  47              		.loc 1 51 2 is_stmt 1 view .LVU8
  48              		.loc 1 51 30 is_stmt 0 view .LVU9
  49 000e 0361     		str	r3, [r0, #16]
  52:Middlewares/Third_Party/FreeRTOS/Source/list.c **** 
  53:Middlewares/Third_Party/FreeRTOS/Source/list.c **** 	pxList->uxNumberOfItems = ( UBaseType_t ) 0U;
  50              		.loc 1 53 2 is_stmt 1 view .LVU10
  51              		.loc 1 53 26 is_stmt 0 view .LVU11
  52 0010 0023     		movs	r3, #0
  53 0012 0360     		str	r3, [r0]
  54:Middlewares/Third_Party/FreeRTOS/Source/list.c **** 
  55:Middlewares/Third_Party/FreeRTOS/Source/list.c **** 	/* Write known values into the list if
  56:Middlewares/Third_Party/FreeRTOS/Source/list.c **** 	configUSE_LIST_DATA_INTEGRITY_CHECK_BYTES is set to 1. */
  57:Middlewares/Third_Party/FreeRTOS/Source/list.c **** 	listSET_LIST_INTEGRITY_CHECK_1_VALUE( pxList );
  54              		.loc 1 57 48 is_stmt 1 view .LVU12
  58:Middlewares/Third_Party/FreeRTOS/Source/list.c **** 	listSET_LIST_INTEGRITY_CHECK_2_VALUE( pxList );
  55              		.loc 1 58 48 view .LVU13
  59:Middlewares/Third_Party/FreeRTOS/Source/list.c **** }
  56              		.loc 1 59 1 is_stmt 0 view .LVU14
ARM GAS  /var/folders/5r/xb8hq6p128d37tsfvtb6dnd00000gn/T//ccG0wWSH.s 			page 3


  57              		@ sp needed
  58 0014 7047     		bx	lr
  59              		.cfi_endproc
  60              	.LFE0:
  62              		.section	.text.vListInitialiseItem,"ax",%progbits
  63              		.align	1
  64              		.global	vListInitialiseItem
  65              		.syntax unified
  66              		.code	16
  67              		.thumb_func
  69              	vListInitialiseItem:
  70              	.LVL1:
  71              	.LFB1:
  60:Middlewares/Third_Party/FreeRTOS/Source/list.c **** /*-----------------------------------------------------------*/
  61:Middlewares/Third_Party/FreeRTOS/Source/list.c **** 
  62:Middlewares/Third_Party/FreeRTOS/Source/list.c **** void vListInitialiseItem( ListItem_t * const pxItem )
  63:Middlewares/Third_Party/FreeRTOS/Source/list.c **** {
  72              		.loc 1 63 1 is_stmt 1 view -0
  73              		.cfi_startproc
  74              		@ args = 0, pretend = 0, frame = 0
  75              		@ frame_needed = 0, uses_anonymous_args = 0
  76              		@ link register save eliminated.
  64:Middlewares/Third_Party/FreeRTOS/Source/list.c **** 	/* Make sure the list item is not recorded as being on a list. */
  65:Middlewares/Third_Party/FreeRTOS/Source/list.c **** 	pxItem->pvContainer = NULL;
  77              		.loc 1 65 2 view .LVU16
  78              		.loc 1 65 22 is_stmt 0 view .LVU17
  79 0000 0023     		movs	r3, #0
  80 0002 0361     		str	r3, [r0, #16]
  66:Middlewares/Third_Party/FreeRTOS/Source/list.c **** 
  67:Middlewares/Third_Party/FreeRTOS/Source/list.c **** 	/* Write known values into the list item if
  68:Middlewares/Third_Party/FreeRTOS/Source/list.c **** 	configUSE_LIST_DATA_INTEGRITY_CHECK_BYTES is set to 1. */
  69:Middlewares/Third_Party/FreeRTOS/Source/list.c **** 	listSET_FIRST_LIST_ITEM_INTEGRITY_CHECK_VALUE( pxItem );
  81              		.loc 1 69 57 is_stmt 1 view .LVU18
  70:Middlewares/Third_Party/FreeRTOS/Source/list.c **** 	listSET_SECOND_LIST_ITEM_INTEGRITY_CHECK_VALUE( pxItem );
  82              		.loc 1 70 58 view .LVU19
  71:Middlewares/Third_Party/FreeRTOS/Source/list.c **** }
  83              		.loc 1 71 1 is_stmt 0 view .LVU20
  84              		@ sp needed
  85 0004 7047     		bx	lr
  86              		.cfi_endproc
  87              	.LFE1:
  89              		.section	.text.vListInsertEnd,"ax",%progbits
  90              		.align	1
  91              		.global	vListInsertEnd
  92              		.syntax unified
  93              		.code	16
  94              		.thumb_func
  96              	vListInsertEnd:
  97              	.LVL2:
  98              	.LFB2:
  72:Middlewares/Third_Party/FreeRTOS/Source/list.c **** /*-----------------------------------------------------------*/
  73:Middlewares/Third_Party/FreeRTOS/Source/list.c **** 
  74:Middlewares/Third_Party/FreeRTOS/Source/list.c **** void vListInsertEnd( List_t * const pxList, ListItem_t * const pxNewListItem )
  75:Middlewares/Third_Party/FreeRTOS/Source/list.c **** {
  99              		.loc 1 75 1 is_stmt 1 view -0
 100              		.cfi_startproc
 101              		@ args = 0, pretend = 0, frame = 0
ARM GAS  /var/folders/5r/xb8hq6p128d37tsfvtb6dnd00000gn/T//ccG0wWSH.s 			page 4


 102              		@ frame_needed = 0, uses_anonymous_args = 0
 103              		@ link register save eliminated.
  76:Middlewares/Third_Party/FreeRTOS/Source/list.c **** ListItem_t * const pxIndex = pxList->pxIndex;
 104              		.loc 1 76 1 view .LVU22
 105              		.loc 1 76 20 is_stmt 0 view .LVU23
 106 0000 4368     		ldr	r3, [r0, #4]
 107              	.LVL3:
  77:Middlewares/Third_Party/FreeRTOS/Source/list.c **** 
  78:Middlewares/Third_Party/FreeRTOS/Source/list.c **** 	/* Only effective when configASSERT() is also defined, these tests may catch
  79:Middlewares/Third_Party/FreeRTOS/Source/list.c **** 	the list data structures being overwritten in memory.  They will not catch
  80:Middlewares/Third_Party/FreeRTOS/Source/list.c **** 	data errors caused by incorrect configuration or use of FreeRTOS. */
  81:Middlewares/Third_Party/FreeRTOS/Source/list.c **** 	listTEST_LIST_INTEGRITY( pxList );
 108              		.loc 1 81 35 is_stmt 1 view .LVU24
  82:Middlewares/Third_Party/FreeRTOS/Source/list.c **** 	listTEST_LIST_ITEM_INTEGRITY( pxNewListItem );
 109              		.loc 1 82 47 view .LVU25
  83:Middlewares/Third_Party/FreeRTOS/Source/list.c **** 
  84:Middlewares/Third_Party/FreeRTOS/Source/list.c **** 	/* Insert a new list item into pxList, but rather than sort the list,
  85:Middlewares/Third_Party/FreeRTOS/Source/list.c **** 	makes the new list item the last item to be removed by a call to
  86:Middlewares/Third_Party/FreeRTOS/Source/list.c **** 	listGET_OWNER_OF_NEXT_ENTRY(). */
  87:Middlewares/Third_Party/FreeRTOS/Source/list.c **** 	pxNewListItem->pxNext = pxIndex;
 110              		.loc 1 87 2 view .LVU26
 111              		.loc 1 87 24 is_stmt 0 view .LVU27
 112 0002 4B60     		str	r3, [r1, #4]
  88:Middlewares/Third_Party/FreeRTOS/Source/list.c **** 	pxNewListItem->pxPrevious = pxIndex->pxPrevious;
 113              		.loc 1 88 2 is_stmt 1 view .LVU28
 114              		.loc 1 88 37 is_stmt 0 view .LVU29
 115 0004 9A68     		ldr	r2, [r3, #8]
 116              		.loc 1 88 28 view .LVU30
 117 0006 8A60     		str	r2, [r1, #8]
  89:Middlewares/Third_Party/FreeRTOS/Source/list.c **** 
  90:Middlewares/Third_Party/FreeRTOS/Source/list.c **** 	/* Only used during decision coverage testing. */
  91:Middlewares/Third_Party/FreeRTOS/Source/list.c **** 	mtCOVERAGE_TEST_DELAY();
 118              		.loc 1 91 25 is_stmt 1 view .LVU31
  92:Middlewares/Third_Party/FreeRTOS/Source/list.c **** 
  93:Middlewares/Third_Party/FreeRTOS/Source/list.c **** 	pxIndex->pxPrevious->pxNext = pxNewListItem;
 119              		.loc 1 93 2 view .LVU32
 120              		.loc 1 93 30 is_stmt 0 view .LVU33
 121 0008 5160     		str	r1, [r2, #4]
  94:Middlewares/Third_Party/FreeRTOS/Source/list.c **** 	pxIndex->pxPrevious = pxNewListItem;
 122              		.loc 1 94 2 is_stmt 1 view .LVU34
 123              		.loc 1 94 22 is_stmt 0 view .LVU35
 124 000a 9960     		str	r1, [r3, #8]
  95:Middlewares/Third_Party/FreeRTOS/Source/list.c **** 
  96:Middlewares/Third_Party/FreeRTOS/Source/list.c **** 	/* Remember which list the item is in. */
  97:Middlewares/Third_Party/FreeRTOS/Source/list.c **** 	pxNewListItem->pvContainer = ( void * ) pxList;
 125              		.loc 1 97 2 is_stmt 1 view .LVU36
 126              		.loc 1 97 29 is_stmt 0 view .LVU37
 127 000c 0861     		str	r0, [r1, #16]
  98:Middlewares/Third_Party/FreeRTOS/Source/list.c **** 
  99:Middlewares/Third_Party/FreeRTOS/Source/list.c **** 	( pxList->uxNumberOfItems )++;
 128              		.loc 1 99 2 is_stmt 1 view .LVU38
 129              		.loc 1 99 10 is_stmt 0 view .LVU39
 130 000e 0368     		ldr	r3, [r0]
 131              	.LVL4:
 132              		.loc 1 99 29 view .LVU40
 133 0010 0133     		adds	r3, r3, #1
 134 0012 0360     		str	r3, [r0]
ARM GAS  /var/folders/5r/xb8hq6p128d37tsfvtb6dnd00000gn/T//ccG0wWSH.s 			page 5


 100:Middlewares/Third_Party/FreeRTOS/Source/list.c **** }
 135              		.loc 1 100 1 view .LVU41
 136              		@ sp needed
 137 0014 7047     		bx	lr
 138              		.cfi_endproc
 139              	.LFE2:
 141              		.section	.text.vListInsert,"ax",%progbits
 142              		.align	1
 143              		.global	vListInsert
 144              		.syntax unified
 145              		.code	16
 146              		.thumb_func
 148              	vListInsert:
 149              	.LVL5:
 150              	.LFB3:
 101:Middlewares/Third_Party/FreeRTOS/Source/list.c **** /*-----------------------------------------------------------*/
 102:Middlewares/Third_Party/FreeRTOS/Source/list.c **** 
 103:Middlewares/Third_Party/FreeRTOS/Source/list.c **** void vListInsert( List_t * const pxList, ListItem_t * const pxNewListItem )
 104:Middlewares/Third_Party/FreeRTOS/Source/list.c **** {
 151              		.loc 1 104 1 is_stmt 1 view -0
 152              		.cfi_startproc
 153              		@ args = 0, pretend = 0, frame = 0
 154              		@ frame_needed = 0, uses_anonymous_args = 0
 155              		.loc 1 104 1 is_stmt 0 view .LVU43
 156 0000 30B5     		push	{r4, r5, lr}
 157              	.LCFI0:
 158              		.cfi_def_cfa_offset 12
 159              		.cfi_offset 4, -12
 160              		.cfi_offset 5, -8
 161              		.cfi_offset 14, -4
 105:Middlewares/Third_Party/FreeRTOS/Source/list.c **** ListItem_t *pxIterator;
 162              		.loc 1 105 1 is_stmt 1 view .LVU44
 106:Middlewares/Third_Party/FreeRTOS/Source/list.c **** const TickType_t xValueOfInsertion = pxNewListItem->xItemValue;
 163              		.loc 1 106 1 view .LVU45
 164              		.loc 1 106 18 is_stmt 0 view .LVU46
 165 0002 0D68     		ldr	r5, [r1]
 166              	.LVL6:
 107:Middlewares/Third_Party/FreeRTOS/Source/list.c **** 
 108:Middlewares/Third_Party/FreeRTOS/Source/list.c **** 	/* Only effective when configASSERT() is also defined, these tests may catch
 109:Middlewares/Third_Party/FreeRTOS/Source/list.c **** 	the list data structures being overwritten in memory.  They will not catch
 110:Middlewares/Third_Party/FreeRTOS/Source/list.c **** 	data errors caused by incorrect configuration or use of FreeRTOS. */
 111:Middlewares/Third_Party/FreeRTOS/Source/list.c **** 	listTEST_LIST_INTEGRITY( pxList );
 167              		.loc 1 111 35 is_stmt 1 view .LVU47
 112:Middlewares/Third_Party/FreeRTOS/Source/list.c **** 	listTEST_LIST_ITEM_INTEGRITY( pxNewListItem );
 168              		.loc 1 112 47 view .LVU48
 113:Middlewares/Third_Party/FreeRTOS/Source/list.c **** 
 114:Middlewares/Third_Party/FreeRTOS/Source/list.c **** 	/* Insert the new list item into the list, sorted in xItemValue order.
 115:Middlewares/Third_Party/FreeRTOS/Source/list.c **** 
 116:Middlewares/Third_Party/FreeRTOS/Source/list.c **** 	If the list already contains a list item with the same item value then the
 117:Middlewares/Third_Party/FreeRTOS/Source/list.c **** 	new list item should be placed after it.  This ensures that TCB's which are
 118:Middlewares/Third_Party/FreeRTOS/Source/list.c **** 	stored in ready lists (all of which have the same xItemValue value) get a
 119:Middlewares/Third_Party/FreeRTOS/Source/list.c **** 	share of the CPU.  However, if the xItemValue is the same as the back marker
 120:Middlewares/Third_Party/FreeRTOS/Source/list.c **** 	the iteration loop below will not end.  Therefore the value is checked
 121:Middlewares/Third_Party/FreeRTOS/Source/list.c **** 	first, and the algorithm slightly modified if necessary. */
 122:Middlewares/Third_Party/FreeRTOS/Source/list.c **** 	if( xValueOfInsertion == portMAX_DELAY )
 169              		.loc 1 122 2 view .LVU49
 170              		.loc 1 122 4 is_stmt 0 view .LVU50
ARM GAS  /var/folders/5r/xb8hq6p128d37tsfvtb6dnd00000gn/T//ccG0wWSH.s 			page 6


 171 0004 6B1C     		adds	r3, r5, #1
 172 0006 10D0     		beq	.L8
 123:Middlewares/Third_Party/FreeRTOS/Source/list.c **** 	{
 124:Middlewares/Third_Party/FreeRTOS/Source/list.c **** 		pxIterator = pxList->xListEnd.pxPrevious;
 125:Middlewares/Third_Party/FreeRTOS/Source/list.c **** 	}
 126:Middlewares/Third_Party/FreeRTOS/Source/list.c **** 	else
 127:Middlewares/Third_Party/FreeRTOS/Source/list.c **** 	{
 128:Middlewares/Third_Party/FreeRTOS/Source/list.c **** 		/* *** NOTE ***********************************************************
 129:Middlewares/Third_Party/FreeRTOS/Source/list.c **** 		If you find your application is crashing here then likely causes are
 130:Middlewares/Third_Party/FreeRTOS/Source/list.c **** 		listed below.  In addition see http://www.freertos.org/FAQHelp.html for
 131:Middlewares/Third_Party/FreeRTOS/Source/list.c **** 		more tips, and ensure configASSERT() is defined!
 132:Middlewares/Third_Party/FreeRTOS/Source/list.c **** 		http://www.freertos.org/a00110.html#configASSERT
 133:Middlewares/Third_Party/FreeRTOS/Source/list.c **** 
 134:Middlewares/Third_Party/FreeRTOS/Source/list.c **** 			1) Stack overflow -
 135:Middlewares/Third_Party/FreeRTOS/Source/list.c **** 			   see http://www.freertos.org/Stacks-and-stack-overflow-checking.html
 136:Middlewares/Third_Party/FreeRTOS/Source/list.c **** 			2) Incorrect interrupt priority assignment, especially on Cortex-M
 137:Middlewares/Third_Party/FreeRTOS/Source/list.c **** 			   parts where numerically high priority values denote low actual
 138:Middlewares/Third_Party/FreeRTOS/Source/list.c **** 			   interrupt priorities, which can seem counter intuitive.  See
 139:Middlewares/Third_Party/FreeRTOS/Source/list.c **** 			   http://www.freertos.org/RTOS-Cortex-M3-M4.html and the definition
 140:Middlewares/Third_Party/FreeRTOS/Source/list.c **** 			   of configMAX_SYSCALL_INTERRUPT_PRIORITY on
 141:Middlewares/Third_Party/FreeRTOS/Source/list.c **** 			   http://www.freertos.org/a00110.html
 142:Middlewares/Third_Party/FreeRTOS/Source/list.c **** 			3) Calling an API function from within a critical section or when
 143:Middlewares/Third_Party/FreeRTOS/Source/list.c **** 			   the scheduler is suspended, or calling an API function that does
 144:Middlewares/Third_Party/FreeRTOS/Source/list.c **** 			   not end in "FromISR" from an interrupt.
 145:Middlewares/Third_Party/FreeRTOS/Source/list.c **** 			4) Using a queue or semaphore before it has been initialised or
 146:Middlewares/Third_Party/FreeRTOS/Source/list.c **** 			   before the scheduler has been started (are interrupts firing
 147:Middlewares/Third_Party/FreeRTOS/Source/list.c **** 			   before vTaskStartScheduler() has been called?).
 148:Middlewares/Third_Party/FreeRTOS/Source/list.c **** 		**********************************************************************/
 149:Middlewares/Third_Party/FreeRTOS/Source/list.c **** 
 150:Middlewares/Third_Party/FreeRTOS/Source/list.c **** 		for( pxIterator = ( ListItem_t * ) &( pxList->xListEnd ); pxIterator->pxNext->xItemValue <= xValu
 173              		.loc 1 150 3 is_stmt 1 view .LVU51
 174              		.loc 1 150 19 is_stmt 0 view .LVU52
 175 0008 0300     		movs	r3, r0
 176 000a 0833     		adds	r3, r3, #8
 177              	.LVL7:
 178              	.L7:
 179              		.loc 1 150 92 is_stmt 1 discriminator 1 view .LVU53
 180 000c 1C00     		movs	r4, r3
 181              		.loc 1 150 71 is_stmt 0 discriminator 1 view .LVU54
 182 000e 5B68     		ldr	r3, [r3, #4]
 183              	.LVL8:
 184              		.loc 1 150 79 discriminator 1 view .LVU55
 185 0010 1A68     		ldr	r2, [r3]
 186              		.loc 1 150 92 discriminator 1 view .LVU56
 187 0012 AA42     		cmp	r2, r5
 188 0014 FAD9     		bls	.L7
 189              	.L6:
 151:Middlewares/Third_Party/FreeRTOS/Source/list.c **** 		{
 152:Middlewares/Third_Party/FreeRTOS/Source/list.c **** 			/* There is nothing to do here, just iterating to the wanted
 153:Middlewares/Third_Party/FreeRTOS/Source/list.c **** 			insertion position. */
 154:Middlewares/Third_Party/FreeRTOS/Source/list.c **** 		}
 155:Middlewares/Third_Party/FreeRTOS/Source/list.c **** 	}
 156:Middlewares/Third_Party/FreeRTOS/Source/list.c **** 
 157:Middlewares/Third_Party/FreeRTOS/Source/list.c **** 	pxNewListItem->pxNext = pxIterator->pxNext;
 190              		.loc 1 157 2 is_stmt 1 view .LVU57
 191              		.loc 1 157 36 is_stmt 0 view .LVU58
 192 0016 6368     		ldr	r3, [r4, #4]
ARM GAS  /var/folders/5r/xb8hq6p128d37tsfvtb6dnd00000gn/T//ccG0wWSH.s 			page 7


 193              		.loc 1 157 24 view .LVU59
 194 0018 4B60     		str	r3, [r1, #4]
 158:Middlewares/Third_Party/FreeRTOS/Source/list.c **** 	pxNewListItem->pxNext->pxPrevious = pxNewListItem;
 195              		.loc 1 158 2 is_stmt 1 view .LVU60
 196              		.loc 1 158 36 is_stmt 0 view .LVU61
 197 001a 9960     		str	r1, [r3, #8]
 159:Middlewares/Third_Party/FreeRTOS/Source/list.c **** 	pxNewListItem->pxPrevious = pxIterator;
 198              		.loc 1 159 2 is_stmt 1 view .LVU62
 199              		.loc 1 159 28 is_stmt 0 view .LVU63
 200 001c 8C60     		str	r4, [r1, #8]
 160:Middlewares/Third_Party/FreeRTOS/Source/list.c **** 	pxIterator->pxNext = pxNewListItem;
 201              		.loc 1 160 2 is_stmt 1 view .LVU64
 202              		.loc 1 160 21 is_stmt 0 view .LVU65
 203 001e 6160     		str	r1, [r4, #4]
 161:Middlewares/Third_Party/FreeRTOS/Source/list.c **** 
 162:Middlewares/Third_Party/FreeRTOS/Source/list.c **** 	/* Remember which list the item is in.  This allows fast removal of the
 163:Middlewares/Third_Party/FreeRTOS/Source/list.c **** 	item later. */
 164:Middlewares/Third_Party/FreeRTOS/Source/list.c **** 	pxNewListItem->pvContainer = ( void * ) pxList;
 204              		.loc 1 164 2 is_stmt 1 view .LVU66
 205              		.loc 1 164 29 is_stmt 0 view .LVU67
 206 0020 0861     		str	r0, [r1, #16]
 165:Middlewares/Third_Party/FreeRTOS/Source/list.c **** 
 166:Middlewares/Third_Party/FreeRTOS/Source/list.c **** 	( pxList->uxNumberOfItems )++;
 207              		.loc 1 166 2 is_stmt 1 view .LVU68
 208              		.loc 1 166 10 is_stmt 0 view .LVU69
 209 0022 0368     		ldr	r3, [r0]
 210              		.loc 1 166 29 view .LVU70
 211 0024 0133     		adds	r3, r3, #1
 212 0026 0360     		str	r3, [r0]
 167:Middlewares/Third_Party/FreeRTOS/Source/list.c **** }
 213              		.loc 1 167 1 view .LVU71
 214              		@ sp needed
 215              	.LVL9:
 216              	.LVL10:
 217              		.loc 1 167 1 view .LVU72
 218 0028 30BD     		pop	{r4, r5, pc}
 219              	.LVL11:
 220              	.L8:
 124:Middlewares/Third_Party/FreeRTOS/Source/list.c **** 	}
 221              		.loc 1 124 3 is_stmt 1 view .LVU73
 124:Middlewares/Third_Party/FreeRTOS/Source/list.c **** 	}
 222              		.loc 1 124 14 is_stmt 0 view .LVU74
 223 002a 0469     		ldr	r4, [r0, #16]
 224              	.LVL12:
 124:Middlewares/Third_Party/FreeRTOS/Source/list.c **** 	}
 225              		.loc 1 124 14 view .LVU75
 226 002c F3E7     		b	.L6
 227              		.cfi_endproc
 228              	.LFE3:
 230              		.section	.text.uxListRemove,"ax",%progbits
 231              		.align	1
 232              		.global	uxListRemove
 233              		.syntax unified
 234              		.code	16
 235              		.thumb_func
 237              	uxListRemove:
 238              	.LVL13:
ARM GAS  /var/folders/5r/xb8hq6p128d37tsfvtb6dnd00000gn/T//ccG0wWSH.s 			page 8


 239              	.LFB4:
 168:Middlewares/Third_Party/FreeRTOS/Source/list.c **** /*-----------------------------------------------------------*/
 169:Middlewares/Third_Party/FreeRTOS/Source/list.c **** 
 170:Middlewares/Third_Party/FreeRTOS/Source/list.c **** UBaseType_t uxListRemove( ListItem_t * const pxItemToRemove )
 171:Middlewares/Third_Party/FreeRTOS/Source/list.c **** {
 240              		.loc 1 171 1 is_stmt 1 view -0
 241              		.cfi_startproc
 242              		@ args = 0, pretend = 0, frame = 0
 243              		@ frame_needed = 0, uses_anonymous_args = 0
 244              		@ link register save eliminated.
 172:Middlewares/Third_Party/FreeRTOS/Source/list.c **** /* The list item knows which list it is in.  Obtain the list from the list
 173:Middlewares/Third_Party/FreeRTOS/Source/list.c **** item. */
 174:Middlewares/Third_Party/FreeRTOS/Source/list.c **** List_t * const pxList = ( List_t * ) pxItemToRemove->pvContainer;
 245              		.loc 1 174 1 view .LVU77
 246              		.loc 1 174 16 is_stmt 0 view .LVU78
 247 0000 0369     		ldr	r3, [r0, #16]
 248              	.LVL14:
 175:Middlewares/Third_Party/FreeRTOS/Source/list.c **** 
 176:Middlewares/Third_Party/FreeRTOS/Source/list.c **** 	pxItemToRemove->pxNext->pxPrevious = pxItemToRemove->pxPrevious;
 249              		.loc 1 176 2 is_stmt 1 view .LVU79
 250              		.loc 1 176 16 is_stmt 0 view .LVU80
 251 0002 4168     		ldr	r1, [r0, #4]
 252              		.loc 1 176 53 view .LVU81
 253 0004 8268     		ldr	r2, [r0, #8]
 254              		.loc 1 176 37 view .LVU82
 255 0006 8A60     		str	r2, [r1, #8]
 177:Middlewares/Third_Party/FreeRTOS/Source/list.c **** 	pxItemToRemove->pxPrevious->pxNext = pxItemToRemove->pxNext;
 256              		.loc 1 177 2 is_stmt 1 view .LVU83
 257              		.loc 1 177 53 is_stmt 0 view .LVU84
 258 0008 4168     		ldr	r1, [r0, #4]
 259              		.loc 1 177 37 view .LVU85
 260 000a 5160     		str	r1, [r2, #4]
 178:Middlewares/Third_Party/FreeRTOS/Source/list.c **** 
 179:Middlewares/Third_Party/FreeRTOS/Source/list.c **** 	/* Only used during decision coverage testing. */
 180:Middlewares/Third_Party/FreeRTOS/Source/list.c **** 	mtCOVERAGE_TEST_DELAY();
 261              		.loc 1 180 25 is_stmt 1 view .LVU86
 181:Middlewares/Third_Party/FreeRTOS/Source/list.c **** 
 182:Middlewares/Third_Party/FreeRTOS/Source/list.c **** 	/* Make sure the index is left pointing to a valid item. */
 183:Middlewares/Third_Party/FreeRTOS/Source/list.c **** 	if( pxList->pxIndex == pxItemToRemove )
 262              		.loc 1 183 2 view .LVU87
 263              		.loc 1 183 12 is_stmt 0 view .LVU88
 264 000c 5A68     		ldr	r2, [r3, #4]
 265              		.loc 1 183 4 view .LVU89
 266 000e 8242     		cmp	r2, r0
 267 0010 06D0     		beq	.L11
 268              	.L10:
 184:Middlewares/Third_Party/FreeRTOS/Source/list.c **** 	{
 185:Middlewares/Third_Party/FreeRTOS/Source/list.c **** 		pxList->pxIndex = pxItemToRemove->pxPrevious;
 186:Middlewares/Third_Party/FreeRTOS/Source/list.c **** 	}
 187:Middlewares/Third_Party/FreeRTOS/Source/list.c **** 	else
 188:Middlewares/Third_Party/FreeRTOS/Source/list.c **** 	{
 189:Middlewares/Third_Party/FreeRTOS/Source/list.c **** 		mtCOVERAGE_TEST_MARKER();
 269              		.loc 1 189 27 is_stmt 1 view .LVU90
 190:Middlewares/Third_Party/FreeRTOS/Source/list.c **** 	}
 191:Middlewares/Third_Party/FreeRTOS/Source/list.c **** 
 192:Middlewares/Third_Party/FreeRTOS/Source/list.c **** 	pxItemToRemove->pvContainer = NULL;
 270              		.loc 1 192 2 view .LVU91
ARM GAS  /var/folders/5r/xb8hq6p128d37tsfvtb6dnd00000gn/T//ccG0wWSH.s 			page 9


 271              		.loc 1 192 30 is_stmt 0 view .LVU92
 272 0012 0022     		movs	r2, #0
 273 0014 0261     		str	r2, [r0, #16]
 193:Middlewares/Third_Party/FreeRTOS/Source/list.c **** 	( pxList->uxNumberOfItems )--;
 274              		.loc 1 193 2 is_stmt 1 view .LVU93
 275              		.loc 1 193 10 is_stmt 0 view .LVU94
 276 0016 1A68     		ldr	r2, [r3]
 277              		.loc 1 193 29 view .LVU95
 278 0018 013A     		subs	r2, r2, #1
 279 001a 1A60     		str	r2, [r3]
 194:Middlewares/Third_Party/FreeRTOS/Source/list.c **** 
 195:Middlewares/Third_Party/FreeRTOS/Source/list.c **** 	return pxList->uxNumberOfItems;
 280              		.loc 1 195 2 is_stmt 1 view .LVU96
 281              		.loc 1 195 15 is_stmt 0 view .LVU97
 282 001c 1868     		ldr	r0, [r3]
 283              	.LVL15:
 196:Middlewares/Third_Party/FreeRTOS/Source/list.c **** }
 284              		.loc 1 196 1 view .LVU98
 285              		@ sp needed
 286 001e 7047     		bx	lr
 287              	.LVL16:
 288              	.L11:
 185:Middlewares/Third_Party/FreeRTOS/Source/list.c **** 	}
 289              		.loc 1 185 3 is_stmt 1 view .LVU99
 185:Middlewares/Third_Party/FreeRTOS/Source/list.c **** 	}
 290              		.loc 1 185 35 is_stmt 0 view .LVU100
 291 0020 8268     		ldr	r2, [r0, #8]
 185:Middlewares/Third_Party/FreeRTOS/Source/list.c **** 	}
 292              		.loc 1 185 19 view .LVU101
 293 0022 5A60     		str	r2, [r3, #4]
 294 0024 F5E7     		b	.L10
 295              		.cfi_endproc
 296              	.LFE4:
 298              		.text
 299              	.Letext0:
 300              		.file 2 "/Applications/ArmGNUToolchain/13.2.Rel1/arm-none-eabi/arm-none-eabi/include/machine/_defa
 301              		.file 3 "/Applications/ArmGNUToolchain/13.2.Rel1/arm-none-eabi/arm-none-eabi/include/sys/_stdint.h
 302              		.file 4 "Middlewares/Third_Party/FreeRTOS/Source/portable/GCC/ARM_CM0/portmacro.h"
 303              		.file 5 "Middlewares/Third_Party/FreeRTOS/Source/include/list.h"
ARM GAS  /var/folders/5r/xb8hq6p128d37tsfvtb6dnd00000gn/T//ccG0wWSH.s 			page 10


DEFINED SYMBOLS
                            *ABS*:00000000 list.c
/var/folders/5r/xb8hq6p128d37tsfvtb6dnd00000gn/T//ccG0wWSH.s:19     .text.vListInitialise:00000000 $t
/var/folders/5r/xb8hq6p128d37tsfvtb6dnd00000gn/T//ccG0wWSH.s:25     .text.vListInitialise:00000000 vListInitialise
/var/folders/5r/xb8hq6p128d37tsfvtb6dnd00000gn/T//ccG0wWSH.s:63     .text.vListInitialiseItem:00000000 $t
/var/folders/5r/xb8hq6p128d37tsfvtb6dnd00000gn/T//ccG0wWSH.s:69     .text.vListInitialiseItem:00000000 vListInitialiseItem
/var/folders/5r/xb8hq6p128d37tsfvtb6dnd00000gn/T//ccG0wWSH.s:90     .text.vListInsertEnd:00000000 $t
/var/folders/5r/xb8hq6p128d37tsfvtb6dnd00000gn/T//ccG0wWSH.s:96     .text.vListInsertEnd:00000000 vListInsertEnd
/var/folders/5r/xb8hq6p128d37tsfvtb6dnd00000gn/T//ccG0wWSH.s:142    .text.vListInsert:00000000 $t
/var/folders/5r/xb8hq6p128d37tsfvtb6dnd00000gn/T//ccG0wWSH.s:148    .text.vListInsert:00000000 vListInsert
/var/folders/5r/xb8hq6p128d37tsfvtb6dnd00000gn/T//ccG0wWSH.s:231    .text.uxListRemove:00000000 $t
/var/folders/5r/xb8hq6p128d37tsfvtb6dnd00000gn/T//ccG0wWSH.s:237    .text.uxListRemove:00000000 uxListRemove

NO UNDEFINED SYMBOLS
